base-files
blkid
block-mount
busybox
ccrypt
chat
collectd
collectd-mod-conntrack
collectd-mod-cpu
collectd-mod-interface
collectd-mod-iwinfo
collectd-mod-load
collectd-mod-memory
collectd-mod-network
collectd-mod-ping
collectd-mod-rrdtool
comgt
curl
ddns-scripts
dnsmasq
dropbear
etherwake
firewall
hostapd-utils
hotplug2
htop
httping
ip
iptables
iptables-mod-conntrack-extra
iptables-mod-filter
iptables-mod-ipopt
iw
jshn
kernel
kmod-ath
kmod-ath9k
kmod-ath9k-common
kmod-cfg80211
kmod-crypto-aes
kmod-crypto-arc4
kmod-crypto-core
kmod-crypto-ecb
kmod-crypto-hash
kmod-crypto-manager
kmod-crypto-sha1
kmod-fs-ext4
kmod-fs-msdos
kmod-fs-ntfs
kmod-fs-vfat
kmod-gpio-button-hotplug
kmod-gre
kmod-ifb
kmod-ipt-compat-xtables
kmod-ipt-conntrack
kmod-ipt-conntrack-extra
kmod-ipt-core
kmod-ipt-dhcpmac
kmod-ipt-filter
kmod-ipt-ipopt
kmod-ipt-ipv4options
kmod-ipt-nat
kmod-ipt-nathelper
kmod-iptunnel4
kmod-ipv6
kmod-leds-gpio
kmod-leds-wndr3700-usb
kmod-ledtrig-default-on
kmod-ledtrig-netdev
kmod-ledtrig-timer
kmod-ledtrig-usbdev
kmod-lib-crc-ccitt
kmod-lib-crc16
kmod-lib-textsearch
kmod-mac80211
kmod-mppe
kmod-nls-base
kmod-nls-cp1250
kmod-nls-cp437
kmod-nls-cp850
kmod-nls-iso8859-1
kmod-nls-iso8859-15
kmod-nls-utf8
kmod-ppp
kmod-pppoe
kmod-pppox
kmod-pptp
kmod-sched-connmark
kmod-sched-core
kmod-scsi-core
kmod-sit
kmod-tun
kmod-usb-core
kmod-usb-ohci
kmod-usb-serial
kmod-usb-storage
kmod-usb2
kmod-wdt-ath79
libblkid
libblobmsg-json
libc
libcurl
libdaemon
libgcc
libip4tc
libiwinfo
libiwinfo-lua
libjson
libltdl
liblua
libncurses
libnet1
libnl-tiny
libopenssl
liboping
libpcap
libpthread
librrd1
librt
libubox
libubus
libubus-lua
libuci
libuci-lua
libusb
libuuid
libxtables
lua
luci
luci-app-ddns
luci-app-diag-core
luci-app-diag-devinfo
luci-app-firewall
luci-app-ntpc
luci-app-qos
luci-app-statistics
luci-app-upnp
luci-app-wol
luci-i18n-english
luci-lib-core
luci-lib-ipkg
luci-lib-nixio
luci-lib-sys
luci-lib-web
luci-mod-admin-core
luci-mod-admin-full
luci-proto-core
luci-proto-ppp
luci-sgi-cgi
luci-ssl
luci-theme-base
luci-theme-bootstrap
luci-theme-openwrt
mac-to-devinfo
miniupnpd
mtd
nano
ncat
netcat
netdiscover
netdiscover-to-devinfo
netifd
ntpclient
opkg
ppp
ppp-mod-pppoe
ppp-mod-pptp
px5g
qos-scripts
resolveip
rrdtool1
smap
smap-to-devinfo
swap-utils
swconfig
tc
tcpdump
terminfo
uboot-envtools
ubus
ubusd
uci
uhttpd
uhttpd-mod-tls
usb-modeswitch
usb-modeswitch-data
vsftpd
wpad
zlib
zoneinfo-europe
